{"/Users/tchesa/repositories/ease/src/testUtils.ts": {"path":"/Users/tchesa/repositories/ease/src/testUtils.ts","statementMap":{"0":{"start":{"line":1,"column":13},"end":{"line":1,"column":35}}},"fnMap":{},"branchMap":{},"s":{"0":13},"f":{},"b":{}}
,"/Users/tchesa/repositories/ease/src/easeInBack/index.ts": {"path":"/Users/tchesa/repositories/ease/src/easeInBack/index.ts","statementMap":{"0":{"start":{"line":3,"column":35},"end":{"line":8,"column":1}},"1":{"start":{"line":4,"column":13},"end":{"line":4,"column":20}},"2":{"start":{"line":5,"column":13},"end":{"line":5,"column":19}},"3":{"start":{"line":7,"column":2},"end":{"line":7,"column":37}},"4":{"start":{"line":10,"column":0},"end":{"line":10,"column":26}}},"fnMap":{"0":{"name":"(anonymous_0)","decl":{"start":{"line":3,"column":35},"end":{"line":3,"column":36}},"loc":{"start":{"line":3,"column":41},"end":{"line":8,"column":1}}}},"branchMap":{},"s":{"0":1,"1":10,"2":10,"3":10,"4":1},"f":{"0":10},"b":{}}
,"/Users/tchesa/repositories/ease/src/easeInBounce/index.ts": {"path":"/Users/tchesa/repositories/ease/src/easeInBounce/index.ts","statementMap":{"0":{"start":{"line":2,"column":0},"end":{"line":2,"column":45}},"1":{"start":{"line":4,"column":37},"end":{"line":4,"column":68}},"2":{"start":{"line":4,"column":44},"end":{"line":4,"column":68}},"3":{"start":{"line":6,"column":0},"end":{"line":6,"column":28}}},"fnMap":{"0":{"name":"(anonymous_1)","decl":{"start":{"line":4,"column":37},"end":{"line":4,"column":38}},"loc":{"start":{"line":4,"column":44},"end":{"line":4,"column":68}}}},"branchMap":{},"s":{"0":1,"1":1,"2":5,"3":1},"f":{"0":5},"b":{}}
,"/Users/tchesa/repositories/ease/src/easeInCirc/index.ts": {"path":"/Users/tchesa/repositories/ease/src/easeInCirc/index.ts","statementMap":{"0":{"start":{"line":3,"column":35},"end":{"line":3,"column":75}},"1":{"start":{"line":3,"column":42},"end":{"line":3,"column":75}},"2":{"start":{"line":5,"column":0},"end":{"line":5,"column":26}}},"fnMap":{"0":{"name":"(anonymous_0)","decl":{"start":{"line":3,"column":35},"end":{"line":3,"column":36}},"loc":{"start":{"line":3,"column":42},"end":{"line":3,"column":75}}}},"branchMap":{},"s":{"0":1,"1":10,"2":1},"f":{"0":10},"b":{}}
,"/Users/tchesa/repositories/ease/src/easeInCubic/index.ts": {"path":"/Users/tchesa/repositories/ease/src/easeInCubic/index.ts","statementMap":{"0":{"start":{"line":3,"column":36},"end":{"line":3,"column":52}},"1":{"start":{"line":3,"column":43},"end":{"line":3,"column":52}},"2":{"start":{"line":5,"column":0},"end":{"line":5,"column":27}}},"fnMap":{"0":{"name":"(anonymous_0)","decl":{"start":{"line":3,"column":36},"end":{"line":3,"column":37}},"loc":{"start":{"line":3,"column":43},"end":{"line":3,"column":52}}}},"branchMap":{},"s":{"0":1,"1":5,"2":1},"f":{"0":5},"b":{}}
,"/Users/tchesa/repositories/ease/src/easeInElastic/index.ts": {"path":"/Users/tchesa/repositories/ease/src/easeInElastic/index.ts","statementMap":{"0":{"start":{"line":3,"column":38},"end":{"line":11,"column":1}},"1":{"start":{"line":4,"column":13},"end":{"line":4,"column":30}},"2":{"start":{"line":6,"column":2},"end":{"line":10,"column":66}},"3":{"start":{"line":13,"column":0},"end":{"line":13,"column":29}}},"fnMap":{"0":{"name":"(anonymous_0)","decl":{"start":{"line":3,"column":38},"end":{"line":3,"column":39}},"loc":{"start":{"line":3,"column":44},"end":{"line":11,"column":1}}}},"branchMap":{"0":{"loc":{"start":{"line":6,"column":9},"end":{"line":10,"column":65}},"type":"cond-expr","locations":[{"start":{"line":7,"column":6},"end":{"line":7,"column":7}},{"start":{"line":8,"column":6},"end":{"line":10,"column":65}}]},"1":{"loc":{"start":{"line":8,"column":6},"end":{"line":10,"column":65}},"type":"cond-expr","locations":[{"start":{"line":9,"column":6},"end":{"line":9,"column":7}},{"start":{"line":10,"column":6},"end":{"line":10,"column":65}}]}},"s":{"0":1,"1":10,"2":10,"3":1},"f":{"0":10},"b":{"0":[2,8],"1":[2,6]}}
,"/Users/tchesa/repositories/ease/src/easeInExpo/index.ts": {"path":"/Users/tchesa/repositories/ease/src/easeInExpo/index.ts","statementMap":{"0":{"start":{"line":3,"column":35},"end":{"line":4,"column":40}},"1":{"start":{"line":4,"column":2},"end":{"line":4,"column":40}},"2":{"start":{"line":6,"column":0},"end":{"line":6,"column":26}}},"fnMap":{"0":{"name":"(anonymous_0)","decl":{"start":{"line":3,"column":35},"end":{"line":3,"column":36}},"loc":{"start":{"line":4,"column":2},"end":{"line":4,"column":40}}}},"branchMap":{"0":{"loc":{"start":{"line":4,"column":2},"end":{"line":4,"column":40}},"type":"cond-expr","locations":[{"start":{"line":4,"column":12},"end":{"line":4,"column":13}},{"start":{"line":4,"column":16},"end":{"line":4,"column":40}}]}},"s":{"0":1,"1":10,"2":1},"f":{"0":10},"b":{"0":[2,8]}}
,"/Users/tchesa/repositories/ease/src/easeInOutBack/index.ts": {"path":"/Users/tchesa/repositories/ease/src/easeInOutBack/index.ts","statementMap":{"0":{"start":{"line":3,"column":38},"end":{"line":10,"column":1}},"1":{"start":{"line":4,"column":13},"end":{"line":4,"column":20}},"2":{"start":{"line":5,"column":13},"end":{"line":5,"column":23}},"3":{"start":{"line":7,"column":2},"end":{"line":9,"column":71}},"4":{"start":{"line":12,"column":0},"end":{"line":12,"column":29}}},"fnMap":{"0":{"name":"(anonymous_0)","decl":{"start":{"line":3,"column":38},"end":{"line":3,"column":39}},"loc":{"start":{"line":3,"column":44},"end":{"line":10,"column":1}}}},"branchMap":{"0":{"loc":{"start":{"line":7,"column":9},"end":{"line":9,"column":70}},"type":"cond-expr","locations":[{"start":{"line":8,"column":6},"end":{"line":8,"column":56}},{"start":{"line":9,"column":6},"end":{"line":9,"column":70}}]}},"s":{"0":1,"1":10,"2":10,"3":10,"4":1},"f":{"0":10},"b":{"0":[4,6]}}
,"/Users/tchesa/repositories/ease/src/easeInOutBounce/index.ts": {"path":"/Users/tchesa/repositories/ease/src/easeInOutBounce/index.ts","statementMap":{"0":{"start":{"line":2,"column":0},"end":{"line":2,"column":45}},"1":{"start":{"line":4,"column":40},"end":{"line":8,"column":1}},"2":{"start":{"line":5,"column":2},"end":{"line":7,"column":41}},"3":{"start":{"line":10,"column":0},"end":{"line":10,"column":31}}},"fnMap":{"0":{"name":"(anonymous_1)","decl":{"start":{"line":4,"column":40},"end":{"line":4,"column":41}},"loc":{"start":{"line":4,"column":46},"end":{"line":8,"column":1}}}},"branchMap":{"0":{"loc":{"start":{"line":5,"column":9},"end":{"line":7,"column":40}},"type":"cond-expr","locations":[{"start":{"line":6,"column":6},"end":{"line":6,"column":40}},{"start":{"line":7,"column":6},"end":{"line":7,"column":40}}]}},"s":{"0":1,"1":1,"2":5,"3":1},"f":{"0":5},"b":{"0":[2,3]}}
,"/Users/tchesa/repositories/ease/src/easeInOutCirc/index.ts": {"path":"/Users/tchesa/repositories/ease/src/easeInOutCirc/index.ts","statementMap":{"0":{"start":{"line":3,"column":38},"end":{"line":6,"column":54}},"1":{"start":{"line":4,"column":2},"end":{"line":6,"column":54}},"2":{"start":{"line":8,"column":0},"end":{"line":8,"column":29}}},"fnMap":{"0":{"name":"(anonymous_0)","decl":{"start":{"line":3,"column":38},"end":{"line":3,"column":39}},"loc":{"start":{"line":4,"column":2},"end":{"line":6,"column":54}}}},"branchMap":{"0":{"loc":{"start":{"line":4,"column":2},"end":{"line":6,"column":54}},"type":"cond-expr","locations":[{"start":{"line":5,"column":6},"end":{"line":5,"column":49}},{"start":{"line":6,"column":6},"end":{"line":6,"column":54}}]}},"s":{"0":1,"1":10,"2":1},"f":{"0":10},"b":{"0":[4,6]}}
,"/Users/tchesa/repositories/ease/src/easeInOutCubic/index.ts": {"path":"/Users/tchesa/repositories/ease/src/easeInOutCubic/index.ts","statementMap":{"0":{"start":{"line":3,"column":39},"end":{"line":4,"column":59}},"1":{"start":{"line":4,"column":2},"end":{"line":4,"column":59}},"2":{"start":{"line":6,"column":0},"end":{"line":6,"column":30}}},"fnMap":{"0":{"name":"(anonymous_0)","decl":{"start":{"line":3,"column":39},"end":{"line":3,"column":40}},"loc":{"start":{"line":4,"column":2},"end":{"line":4,"column":59}}}},"branchMap":{"0":{"loc":{"start":{"line":4,"column":2},"end":{"line":4,"column":59}},"type":"cond-expr","locations":[{"start":{"line":4,"column":12},"end":{"line":4,"column":25}},{"start":{"line":4,"column":28},"end":{"line":4,"column":59}}]}},"s":{"0":1,"1":5,"2":1},"f":{"0":5},"b":{"0":[2,3]}}
,"/Users/tchesa/repositories/ease/src/easeInOutElastic/index.ts": {"path":"/Users/tchesa/repositories/ease/src/easeInOutElastic/index.ts","statementMap":{"0":{"start":{"line":3,"column":41},"end":{"line":13,"column":1}},"1":{"start":{"line":4,"column":13},"end":{"line":4,"column":32}},"2":{"start":{"line":6,"column":2},"end":{"line":12,"column":77}},"3":{"start":{"line":15,"column":0},"end":{"line":15,"column":32}}},"fnMap":{"0":{"name":"(anonymous_0)","decl":{"start":{"line":3,"column":41},"end":{"line":3,"column":42}},"loc":{"start":{"line":3,"column":47},"end":{"line":13,"column":1}}}},"branchMap":{"0":{"loc":{"start":{"line":6,"column":9},"end":{"line":12,"column":76}},"type":"cond-expr","locations":[{"start":{"line":7,"column":6},"end":{"line":7,"column":7}},{"start":{"line":8,"column":6},"end":{"line":12,"column":76}}]},"1":{"loc":{"start":{"line":8,"column":6},"end":{"line":12,"column":76}},"type":"cond-expr","locations":[{"start":{"line":9,"column":6},"end":{"line":9,"column":7}},{"start":{"line":10,"column":6},"end":{"line":12,"column":76}}]},"2":{"loc":{"start":{"line":10,"column":6},"end":{"line":12,"column":76}},"type":"cond-expr","locations":[{"start":{"line":11,"column":6},"end":{"line":11,"column":72}},{"start":{"line":12,"column":6},"end":{"line":12,"column":76}}]}},"s":{"0":1,"1":10,"2":10,"3":1},"f":{"0":10},"b":{"0":[2,8],"1":[2,6],"2":[2,4]}}
,"/Users/tchesa/repositories/ease/src/easeInOutExpo/index.ts": {"path":"/Users/tchesa/repositories/ease/src/easeInOutExpo/index.ts","statementMap":{"0":{"start":{"line":3,"column":38},"end":{"line":10,"column":41}},"1":{"start":{"line":4,"column":2},"end":{"line":10,"column":41}},"2":{"start":{"line":12,"column":0},"end":{"line":12,"column":29}}},"fnMap":{"0":{"name":"(anonymous_0)","decl":{"start":{"line":3,"column":38},"end":{"line":3,"column":39}},"loc":{"start":{"line":4,"column":2},"end":{"line":10,"column":41}}}},"branchMap":{"0":{"loc":{"start":{"line":4,"column":2},"end":{"line":10,"column":41}},"type":"cond-expr","locations":[{"start":{"line":5,"column":6},"end":{"line":5,"column":7}},{"start":{"line":6,"column":6},"end":{"line":10,"column":41}}]},"1":{"loc":{"start":{"line":6,"column":6},"end":{"line":10,"column":41}},"type":"cond-expr","locations":[{"start":{"line":7,"column":6},"end":{"line":7,"column":7}},{"start":{"line":8,"column":6},"end":{"line":10,"column":41}}]},"2":{"loc":{"start":{"line":8,"column":6},"end":{"line":10,"column":41}},"type":"cond-expr","locations":[{"start":{"line":9,"column":6},"end":{"line":9,"column":34}},{"start":{"line":10,"column":6},"end":{"line":10,"column":41}}]}},"s":{"0":1,"1":5,"2":1},"f":{"0":5},"b":{"0":[1,4],"1":[1,3],"2":[1,2]}}
,"/Users/tchesa/repositories/ease/src/easeInOutQuad/index.ts": {"path":"/Users/tchesa/repositories/ease/src/easeInOutQuad/index.ts","statementMap":{"0":{"start":{"line":3,"column":38},"end":{"line":4,"column":55}},"1":{"start":{"line":4,"column":2},"end":{"line":4,"column":55}},"2":{"start":{"line":6,"column":0},"end":{"line":6,"column":29}}},"fnMap":{"0":{"name":"(anonymous_0)","decl":{"start":{"line":3,"column":38},"end":{"line":3,"column":39}},"loc":{"start":{"line":4,"column":2},"end":{"line":4,"column":55}}}},"branchMap":{"0":{"loc":{"start":{"line":4,"column":2},"end":{"line":4,"column":55}},"type":"cond-expr","locations":[{"start":{"line":4,"column":12},"end":{"line":4,"column":21}},{"start":{"line":4,"column":24},"end":{"line":4,"column":55}}]}},"s":{"0":1,"1":5,"2":1},"f":{"0":5},"b":{"0":[2,3]}}
,"/Users/tchesa/repositories/ease/src/easeInOutQuart/index.ts": {"path":"/Users/tchesa/repositories/ease/src/easeInOutQuart/index.ts","statementMap":{"0":{"start":{"line":3,"column":39},"end":{"line":4,"column":63}},"1":{"start":{"line":4,"column":2},"end":{"line":4,"column":63}},"2":{"start":{"line":6,"column":0},"end":{"line":6,"column":30}}},"fnMap":{"0":{"name":"(anonymous_0)","decl":{"start":{"line":3,"column":39},"end":{"line":3,"column":40}},"loc":{"start":{"line":4,"column":2},"end":{"line":4,"column":63}}}},"branchMap":{"0":{"loc":{"start":{"line":4,"column":2},"end":{"line":4,"column":63}},"type":"cond-expr","locations":[{"start":{"line":4,"column":12},"end":{"line":4,"column":29}},{"start":{"line":4,"column":32},"end":{"line":4,"column":63}}]}},"s":{"0":1,"1":5,"2":1},"f":{"0":5},"b":{"0":[2,3]}}
,"/Users/tchesa/repositories/ease/src/easeInOutQuint/index.ts": {"path":"/Users/tchesa/repositories/ease/src/easeInOutQuint/index.ts","statementMap":{"0":{"start":{"line":3,"column":39},"end":{"line":4,"column":68}},"1":{"start":{"line":4,"column":2},"end":{"line":4,"column":68}},"2":{"start":{"line":6,"column":0},"end":{"line":6,"column":30}}},"fnMap":{"0":{"name":"(anonymous_0)","decl":{"start":{"line":3,"column":39},"end":{"line":3,"column":40}},"loc":{"start":{"line":4,"column":2},"end":{"line":4,"column":68}}}},"branchMap":{"0":{"loc":{"start":{"line":4,"column":2},"end":{"line":4,"column":68}},"type":"cond-expr","locations":[{"start":{"line":4,"column":12},"end":{"line":4,"column":34}},{"start":{"line":4,"column":37},"end":{"line":4,"column":68}}]}},"s":{"0":1,"1":5,"2":1},"f":{"0":5},"b":{"0":[2,3]}}
,"/Users/tchesa/repositories/ease/src/easeInOutSine/index.ts": {"path":"/Users/tchesa/repositories/ease/src/easeInOutSine/index.ts","statementMap":{"0":{"start":{"line":3,"column":38},"end":{"line":3,"column":77}},"1":{"start":{"line":3,"column":45},"end":{"line":3,"column":77}},"2":{"start":{"line":5,"column":0},"end":{"line":5,"column":29}}},"fnMap":{"0":{"name":"(anonymous_0)","decl":{"start":{"line":3,"column":38},"end":{"line":3,"column":39}},"loc":{"start":{"line":3,"column":45},"end":{"line":3,"column":77}}}},"branchMap":{},"s":{"0":1,"1":10,"2":1},"f":{"0":10},"b":{}}
,"/Users/tchesa/repositories/ease/src/easeInQuad/index.ts": {"path":"/Users/tchesa/repositories/ease/src/easeInQuad/index.ts","statementMap":{"0":{"start":{"line":3,"column":35},"end":{"line":3,"column":47}},"1":{"start":{"line":3,"column":42},"end":{"line":3,"column":47}},"2":{"start":{"line":5,"column":0},"end":{"line":5,"column":26}}},"fnMap":{"0":{"name":"(anonymous_0)","decl":{"start":{"line":3,"column":35},"end":{"line":3,"column":36}},"loc":{"start":{"line":3,"column":42},"end":{"line":3,"column":47}}}},"branchMap":{},"s":{"0":1,"1":5,"2":1},"f":{"0":5},"b":{}}
,"/Users/tchesa/repositories/ease/src/easeInQuart/index.ts": {"path":"/Users/tchesa/repositories/ease/src/easeInQuart/index.ts","statementMap":{"0":{"start":{"line":3,"column":36},"end":{"line":3,"column":56}},"1":{"start":{"line":3,"column":43},"end":{"line":3,"column":56}},"2":{"start":{"line":5,"column":0},"end":{"line":5,"column":27}}},"fnMap":{"0":{"name":"(anonymous_0)","decl":{"start":{"line":3,"column":36},"end":{"line":3,"column":37}},"loc":{"start":{"line":3,"column":43},"end":{"line":3,"column":56}}}},"branchMap":{},"s":{"0":1,"1":5,"2":1},"f":{"0":5},"b":{}}
,"/Users/tchesa/repositories/ease/src/easeInQuint/index.ts": {"path":"/Users/tchesa/repositories/ease/src/easeInQuint/index.ts","statementMap":{"0":{"start":{"line":3,"column":36},"end":{"line":3,"column":60}},"1":{"start":{"line":3,"column":43},"end":{"line":3,"column":60}},"2":{"start":{"line":5,"column":0},"end":{"line":5,"column":27}}},"fnMap":{"0":{"name":"(anonymous_0)","decl":{"start":{"line":3,"column":36},"end":{"line":3,"column":37}},"loc":{"start":{"line":3,"column":43},"end":{"line":3,"column":60}}}},"branchMap":{},"s":{"0":1,"1":5,"2":1},"f":{"0":5},"b":{}}
,"/Users/tchesa/repositories/ease/src/easeInSine/index.ts": {"path":"/Users/tchesa/repositories/ease/src/easeInSine/index.ts","statementMap":{"0":{"start":{"line":3,"column":35},"end":{"line":3,"column":73}},"1":{"start":{"line":3,"column":42},"end":{"line":3,"column":73}},"2":{"start":{"line":5,"column":0},"end":{"line":5,"column":26}}},"fnMap":{"0":{"name":"(anonymous_0)","decl":{"start":{"line":3,"column":35},"end":{"line":3,"column":36}},"loc":{"start":{"line":3,"column":42},"end":{"line":3,"column":73}}}},"branchMap":{},"s":{"0":1,"1":10,"2":1},"f":{"0":10},"b":{}}
,"/Users/tchesa/repositories/ease/src/easeOutBack/index.ts": {"path":"/Users/tchesa/repositories/ease/src/easeOutBack/index.ts","statementMap":{"0":{"start":{"line":3,"column":36},"end":{"line":8,"column":1}},"1":{"start":{"line":4,"column":13},"end":{"line":4,"column":20}},"2":{"start":{"line":5,"column":13},"end":{"line":5,"column":19}},"3":{"start":{"line":7,"column":2},"end":{"line":7,"column":63}},"4":{"start":{"line":10,"column":0},"end":{"line":10,"column":27}}},"fnMap":{"0":{"name":"(anonymous_0)","decl":{"start":{"line":3,"column":36},"end":{"line":3,"column":37}},"loc":{"start":{"line":3,"column":42},"end":{"line":8,"column":1}}}},"branchMap":{},"s":{"0":1,"1":10,"2":10,"3":10,"4":1},"f":{"0":10},"b":{}}
,"/Users/tchesa/repositories/ease/src/easeOutBounce/index.ts": {"path":"/Users/tchesa/repositories/ease/src/easeOutBounce/index.ts","statementMap":{"0":{"start":{"line":3,"column":38},"end":{"line":16,"column":1}},"1":{"start":{"line":4,"column":13},"end":{"line":4,"column":19}},"2":{"start":{"line":5,"column":13},"end":{"line":5,"column":17}},"3":{"start":{"line":7,"column":2},"end":{"line":15,"column":null}},"4":{"start":{"line":8,"column":4},"end":{"line":8,"column":22}},"5":{"start":{"line":9,"column":9},"end":{"line":15,"column":null}},"6":{"start":{"line":10,"column":4},"end":{"line":10,"column":43}},"7":{"start":{"line":11,"column":9},"end":{"line":15,"column":null}},"8":{"start":{"line":12,"column":4},"end":{"line":12,"column":46}},"9":{"start":{"line":14,"column":4},"end":{"line":14,"column":49}},"10":{"start":{"line":18,"column":0},"end":{"line":18,"column":29}}},"fnMap":{"0":{"name":"(anonymous_0)","decl":{"start":{"line":3,"column":38},"end":{"line":3,"column":39}},"loc":{"start":{"line":3,"column":44},"end":{"line":16,"column":1}}}},"branchMap":{"0":{"loc":{"start":{"line":7,"column":2},"end":{"line":15,"column":null}},"type":"if","locations":[{"start":{"line":7,"column":2},"end":{"line":15,"column":null}},{"start":{"line":9,"column":9},"end":{"line":15,"column":null}}]},"1":{"loc":{"start":{"line":9,"column":9},"end":{"line":15,"column":null}},"type":"if","locations":[{"start":{"line":9,"column":9},"end":{"line":15,"column":null}},{"start":{"line":11,"column":9},"end":{"line":15,"column":null}}]},"2":{"loc":{"start":{"line":11,"column":9},"end":{"line":15,"column":null}},"type":"if","locations":[{"start":{"line":11,"column":9},"end":{"line":15,"column":null}},{"start":{"line":13,"column":9},"end":{"line":15,"column":null}}]}},"s":{"0":3,"1":15,"2":15,"3":15,"4":5,"5":10,"6":4,"7":6,"8":2,"9":4,"10":3},"f":{"0":15},"b":{"0":[5,10],"1":[4,6],"2":[2,4]}}
,"/Users/tchesa/repositories/ease/src/easeOutCirc/index.ts": {"path":"/Users/tchesa/repositories/ease/src/easeOutCirc/index.ts","statementMap":{"0":{"start":{"line":3,"column":36},"end":{"line":3,"column":76}},"1":{"start":{"line":3,"column":43},"end":{"line":3,"column":76}},"2":{"start":{"line":5,"column":0},"end":{"line":5,"column":27}}},"fnMap":{"0":{"name":"(anonymous_0)","decl":{"start":{"line":3,"column":36},"end":{"line":3,"column":37}},"loc":{"start":{"line":3,"column":43},"end":{"line":3,"column":76}}}},"branchMap":{},"s":{"0":1,"1":10,"2":1},"f":{"0":10},"b":{}}
,"/Users/tchesa/repositories/ease/src/easeOutCubic/index.ts": {"path":"/Users/tchesa/repositories/ease/src/easeOutCubic/index.ts","statementMap":{"0":{"start":{"line":3,"column":37},"end":{"line":3,"column":66}},"1":{"start":{"line":3,"column":44},"end":{"line":3,"column":66}},"2":{"start":{"line":5,"column":0},"end":{"line":5,"column":28}}},"fnMap":{"0":{"name":"(anonymous_0)","decl":{"start":{"line":3,"column":37},"end":{"line":3,"column":38}},"loc":{"start":{"line":3,"column":44},"end":{"line":3,"column":66}}}},"branchMap":{},"s":{"0":1,"1":5,"2":1},"f":{"0":5},"b":{}}
,"/Users/tchesa/repositories/ease/src/easeOutElastic/index.ts": {"path":"/Users/tchesa/repositories/ease/src/easeOutElastic/index.ts","statementMap":{"0":{"start":{"line":3,"column":39},"end":{"line":11,"column":1}},"1":{"start":{"line":4,"column":13},"end":{"line":4,"column":30}},"2":{"start":{"line":6,"column":2},"end":{"line":10,"column":64}},"3":{"start":{"line":13,"column":0},"end":{"line":13,"column":30}}},"fnMap":{"0":{"name":"(anonymous_0)","decl":{"start":{"line":3,"column":39},"end":{"line":3,"column":40}},"loc":{"start":{"line":3,"column":45},"end":{"line":11,"column":1}}}},"branchMap":{"0":{"loc":{"start":{"line":6,"column":9},"end":{"line":10,"column":63}},"type":"cond-expr","locations":[{"start":{"line":7,"column":6},"end":{"line":7,"column":7}},{"start":{"line":8,"column":6},"end":{"line":10,"column":63}}]},"1":{"loc":{"start":{"line":8,"column":6},"end":{"line":10,"column":63}},"type":"cond-expr","locations":[{"start":{"line":9,"column":6},"end":{"line":9,"column":7}},{"start":{"line":10,"column":6},"end":{"line":10,"column":63}}]}},"s":{"0":1,"1":10,"2":10,"3":1},"f":{"0":10},"b":{"0":[2,8],"1":[2,6]}}
,"/Users/tchesa/repositories/ease/src/easeOutExpo/index.ts": {"path":"/Users/tchesa/repositories/ease/src/easeOutExpo/index.ts","statementMap":{"0":{"start":{"line":3,"column":36},"end":{"line":4,"column":40}},"1":{"start":{"line":4,"column":2},"end":{"line":4,"column":40}},"2":{"start":{"line":6,"column":0},"end":{"line":6,"column":27}}},"fnMap":{"0":{"name":"(anonymous_0)","decl":{"start":{"line":3,"column":36},"end":{"line":3,"column":37}},"loc":{"start":{"line":4,"column":2},"end":{"line":4,"column":40}}}},"branchMap":{"0":{"loc":{"start":{"line":4,"column":2},"end":{"line":4,"column":40}},"type":"cond-expr","locations":[{"start":{"line":4,"column":12},"end":{"line":4,"column":13}},{"start":{"line":4,"column":16},"end":{"line":4,"column":40}}]}},"s":{"0":1,"1":10,"2":1},"f":{"0":10},"b":{"0":[2,8]}}
,"/Users/tchesa/repositories/ease/src/easeOutQuad/index.ts": {"path":"/Users/tchesa/repositories/ease/src/easeOutQuad/index.ts","statementMap":{"0":{"start":{"line":3,"column":36},"end":{"line":3,"column":64}},"1":{"start":{"line":3,"column":43},"end":{"line":3,"column":64}},"2":{"start":{"line":5,"column":0},"end":{"line":5,"column":27}}},"fnMap":{"0":{"name":"(anonymous_0)","decl":{"start":{"line":3,"column":36},"end":{"line":3,"column":37}},"loc":{"start":{"line":3,"column":43},"end":{"line":3,"column":64}}}},"branchMap":{},"s":{"0":1,"1":5,"2":1},"f":{"0":5},"b":{}}
,"/Users/tchesa/repositories/ease/src/easeOutQuart/index.ts": {"path":"/Users/tchesa/repositories/ease/src/easeOutQuart/index.ts","statementMap":{"0":{"start":{"line":3,"column":37},"end":{"line":3,"column":66}},"1":{"start":{"line":3,"column":44},"end":{"line":3,"column":66}},"2":{"start":{"line":5,"column":0},"end":{"line":5,"column":28}}},"fnMap":{"0":{"name":"(anonymous_0)","decl":{"start":{"line":3,"column":37},"end":{"line":3,"column":38}},"loc":{"start":{"line":3,"column":44},"end":{"line":3,"column":66}}}},"branchMap":{},"s":{"0":1,"1":5,"2":1},"f":{"0":5},"b":{}}
,"/Users/tchesa/repositories/ease/src/easeOutQuint/index.ts": {"path":"/Users/tchesa/repositories/ease/src/easeOutQuint/index.ts","statementMap":{"0":{"start":{"line":3,"column":37},"end":{"line":3,"column":66}},"1":{"start":{"line":3,"column":44},"end":{"line":3,"column":66}},"2":{"start":{"line":5,"column":0},"end":{"line":5,"column":28}}},"fnMap":{"0":{"name":"(anonymous_0)","decl":{"start":{"line":3,"column":37},"end":{"line":3,"column":38}},"loc":{"start":{"line":3,"column":44},"end":{"line":3,"column":66}}}},"branchMap":{},"s":{"0":1,"1":5,"2":1},"f":{"0":5},"b":{}}
,"/Users/tchesa/repositories/ease/src/easeOutSine/index.ts": {"path":"/Users/tchesa/repositories/ease/src/easeOutSine/index.ts","statementMap":{"0":{"start":{"line":3,"column":36},"end":{"line":3,"column":70}},"1":{"start":{"line":3,"column":43},"end":{"line":3,"column":70}},"2":{"start":{"line":5,"column":0},"end":{"line":5,"column":27}}},"fnMap":{"0":{"name":"(anonymous_0)","decl":{"start":{"line":3,"column":36},"end":{"line":3,"column":37}},"loc":{"start":{"line":3,"column":43},"end":{"line":3,"column":70}}}},"branchMap":{},"s":{"0":1,"1":10,"2":1},"f":{"0":10},"b":{}}
}
