TN:
SF:src/testUtils.ts
FNF:0
FNH:0
DA:1,13
LF:1
LH:1
BRF:0
BRH:0
end_of_record
TN:
SF:src/easeInBack/index.ts
FN:3,(anonymous_0)
FNF:1
FNH:1
FNDA:10,(anonymous_0)
DA:3,1
DA:4,10
DA:5,10
DA:7,10
DA:10,1
LF:5
LH:5
BRF:0
BRH:0
end_of_record
TN:
SF:src/easeInBounce/index.ts
FN:4,(anonymous_1)
FNF:1
FNH:1
FNDA:5,(anonymous_1)
DA:2,1
DA:4,5
DA:6,1
LF:3
LH:3
BRF:0
BRH:0
end_of_record
TN:
SF:src/easeInCirc/index.ts
FN:3,(anonymous_0)
FNF:1
FNH:1
FNDA:10,(anonymous_0)
DA:3,10
DA:5,1
LF:2
LH:2
BRF:0
BRH:0
end_of_record
TN:
SF:src/easeInCubic/index.ts
FN:3,(anonymous_0)
FNF:1
FNH:1
FNDA:5,(anonymous_0)
DA:3,5
DA:5,1
LF:2
LH:2
BRF:0
BRH:0
end_of_record
TN:
SF:src/easeInElastic/index.ts
FN:3,(anonymous_0)
FNF:1
FNH:1
FNDA:10,(anonymous_0)
DA:3,1
DA:4,10
DA:6,10
DA:13,1
LF:4
LH:4
BRDA:6,0,0,2
BRDA:6,0,1,8
BRDA:8,1,0,2
BRDA:8,1,1,6
BRF:4
BRH:4
end_of_record
TN:
SF:src/easeInExpo/index.ts
FN:3,(anonymous_0)
FNF:1
FNH:1
FNDA:10,(anonymous_0)
DA:3,1
DA:4,10
DA:6,1
LF:3
LH:3
BRDA:4,0,0,2
BRDA:4,0,1,8
BRF:2
BRH:2
end_of_record
TN:
SF:src/easeInOutBack/index.ts
FN:3,(anonymous_0)
FNF:1
FNH:1
FNDA:10,(anonymous_0)
DA:3,1
DA:4,10
DA:5,10
DA:7,10
DA:12,1
LF:5
LH:5
BRDA:7,0,0,4
BRDA:7,0,1,6
BRF:2
BRH:2
end_of_record
TN:
SF:src/easeInOutBounce/index.ts
FN:4,(anonymous_1)
FNF:1
FNH:1
FNDA:5,(anonymous_1)
DA:2,1
DA:4,1
DA:5,5
DA:10,1
LF:4
LH:4
BRDA:5,0,0,2
BRDA:5,0,1,3
BRF:2
BRH:2
end_of_record
TN:
SF:src/easeInOutCirc/index.ts
FN:3,(anonymous_0)
FNF:1
FNH:1
FNDA:10,(anonymous_0)
DA:3,1
DA:4,10
DA:8,1
LF:3
LH:3
BRDA:4,0,0,4
BRDA:4,0,1,6
BRF:2
BRH:2
end_of_record
TN:
SF:src/easeInOutCubic/index.ts
FN:3,(anonymous_0)
FNF:1
FNH:1
FNDA:5,(anonymous_0)
DA:3,1
DA:4,5
DA:6,1
LF:3
LH:3
BRDA:4,0,0,2
BRDA:4,0,1,3
BRF:2
BRH:2
end_of_record
TN:
SF:src/easeInOutElastic/index.ts
FN:3,(anonymous_0)
FNF:1
FNH:1
FNDA:10,(anonymous_0)
DA:3,1
DA:4,10
DA:6,10
DA:15,1
LF:4
LH:4
BRDA:6,0,0,2
BRDA:6,0,1,8
BRDA:8,1,0,2
BRDA:8,1,1,6
BRDA:10,2,0,2
BRDA:10,2,1,4
BRF:6
BRH:6
end_of_record
TN:
SF:src/easeInOutExpo/index.ts
FN:3,(anonymous_0)
FNF:1
FNH:1
FNDA:5,(anonymous_0)
DA:3,1
DA:4,5
DA:12,1
LF:3
LH:3
BRDA:4,0,0,1
BRDA:4,0,1,4
BRDA:6,1,0,1
BRDA:6,1,1,3
BRDA:8,2,0,1
BRDA:8,2,1,2
BRF:6
BRH:6
end_of_record
TN:
SF:src/easeInOutQuad/index.ts
FN:3,(anonymous_0)
FNF:1
FNH:1
FNDA:5,(anonymous_0)
DA:3,1
DA:4,5
DA:6,1
LF:3
LH:3
BRDA:4,0,0,2
BRDA:4,0,1,3
BRF:2
BRH:2
end_of_record
TN:
SF:src/easeInOutQuart/index.ts
FN:3,(anonymous_0)
FNF:1
FNH:1
FNDA:5,(anonymous_0)
DA:3,1
DA:4,5
DA:6,1
LF:3
LH:3
BRDA:4,0,0,2
BRDA:4,0,1,3
BRF:2
BRH:2
end_of_record
TN:
SF:src/easeInOutQuint/index.ts
FN:3,(anonymous_0)
FNF:1
FNH:1
FNDA:5,(anonymous_0)
DA:3,1
DA:4,5
DA:6,1
LF:3
LH:3
BRDA:4,0,0,2
BRDA:4,0,1,3
BRF:2
BRH:2
end_of_record
TN:
SF:src/easeInOutSine/index.ts
FN:3,(anonymous_0)
FNF:1
FNH:1
FNDA:10,(anonymous_0)
DA:3,10
DA:5,1
LF:2
LH:2
BRF:0
BRH:0
end_of_record
TN:
SF:src/easeInQuad/index.ts
FN:3,(anonymous_0)
FNF:1
FNH:1
FNDA:5,(anonymous_0)
DA:3,5
DA:5,1
LF:2
LH:2
BRF:0
BRH:0
end_of_record
TN:
SF:src/easeInQuart/index.ts
FN:3,(anonymous_0)
FNF:1
FNH:1
FNDA:5,(anonymous_0)
DA:3,5
DA:5,1
LF:2
LH:2
BRF:0
BRH:0
end_of_record
TN:
SF:src/easeInQuint/index.ts
FN:3,(anonymous_0)
FNF:1
FNH:1
FNDA:5,(anonymous_0)
DA:3,5
DA:5,1
LF:2
LH:2
BRF:0
BRH:0
end_of_record
TN:
SF:src/easeInSine/index.ts
FN:3,(anonymous_0)
FNF:1
FNH:1
FNDA:10,(anonymous_0)
DA:3,10
DA:5,1
LF:2
LH:2
BRF:0
BRH:0
end_of_record
TN:
SF:src/easeOutBack/index.ts
FN:3,(anonymous_0)
FNF:1
FNH:1
FNDA:10,(anonymous_0)
DA:3,1
DA:4,10
DA:5,10
DA:7,10
DA:10,1
LF:5
LH:5
BRF:0
BRH:0
end_of_record
TN:
SF:src/easeOutBounce/index.ts
FN:3,(anonymous_0)
FNF:1
FNH:1
FNDA:15,(anonymous_0)
DA:3,3
DA:4,15
DA:5,15
DA:7,15
DA:8,5
DA:9,10
DA:10,4
DA:11,6
DA:12,2
DA:14,4
DA:18,3
LF:11
LH:11
BRDA:7,0,0,5
BRDA:7,0,1,10
BRDA:9,1,0,4
BRDA:9,1,1,6
BRDA:11,2,0,2
BRDA:11,2,1,4
BRF:6
BRH:6
end_of_record
TN:
SF:src/easeOutCirc/index.ts
FN:3,(anonymous_0)
FNF:1
FNH:1
FNDA:10,(anonymous_0)
DA:3,10
DA:5,1
LF:2
LH:2
BRF:0
BRH:0
end_of_record
TN:
SF:src/easeOutCubic/index.ts
FN:3,(anonymous_0)
FNF:1
FNH:1
FNDA:5,(anonymous_0)
DA:3,5
DA:5,1
LF:2
LH:2
BRF:0
BRH:0
end_of_record
TN:
SF:src/easeOutElastic/index.ts
FN:3,(anonymous_0)
FNF:1
FNH:1
FNDA:10,(anonymous_0)
DA:3,1
DA:4,10
DA:6,10
DA:13,1
LF:4
LH:4
BRDA:6,0,0,2
BRDA:6,0,1,8
BRDA:8,1,0,2
BRDA:8,1,1,6
BRF:4
BRH:4
end_of_record
TN:
SF:src/easeOutExpo/index.ts
FN:3,(anonymous_0)
FNF:1
FNH:1
FNDA:10,(anonymous_0)
DA:3,1
DA:4,10
DA:6,1
LF:3
LH:3
BRDA:4,0,0,2
BRDA:4,0,1,8
BRF:2
BRH:2
end_of_record
TN:
SF:src/easeOutQuad/index.ts
FN:3,(anonymous_0)
FNF:1
FNH:1
FNDA:5,(anonymous_0)
DA:3,5
DA:5,1
LF:2
LH:2
BRF:0
BRH:0
end_of_record
TN:
SF:src/easeOutQuart/index.ts
FN:3,(anonymous_0)
FNF:1
FNH:1
FNDA:5,(anonymous_0)
DA:3,5
DA:5,1
LF:2
LH:2
BRF:0
BRH:0
end_of_record
TN:
SF:src/easeOutQuint/index.ts
FN:3,(anonymous_0)
FNF:1
FNH:1
FNDA:5,(anonymous_0)
DA:3,5
DA:5,1
LF:2
LH:2
BRF:0
BRH:0
end_of_record
TN:
SF:src/easeOutSine/index.ts
FN:3,(anonymous_0)
FNF:1
FNH:1
FNDA:10,(anonymous_0)
DA:3,10
DA:5,1
LF:2
LH:2
BRF:0
BRH:0
end_of_record
